2020-07-31 21:15:07 [main] INFO  com.west.business.BusinessApp - The following profiles are active: prd
2020-07-31 21:15:07 [main] INFO  o.s.b.w.s.c.AnnotationConfigServletWebServerApplicationContext - Refreshing org.springframework.boot.web.servlet.context.AnnotationConfigServletWebServerApplicationContext@2c30b71f: startup date [Fri Jul 31 21:15:07 CST 2020]; parent: org.springframework.context.annotation.AnnotationConfigApplicationContext@45a37759
2020-07-31 21:15:09 [main] INFO  o.springframework.cloud.context.scope.GenericScope - BeanFactory id=98d6d61c-5763-33cb-bfde-0ca5285fd138
2020-07-31 21:15:09 [main] INFO  o.s.c.s.PostProcessorRegistrationDelegate$BeanPostProcessorChecker - Bean 'org.springframework.transaction.annotation.ProxyTransactionManagementConfiguration' of type [org.springframework.transaction.annotation.ProxyTransactionManagementConfiguration$$EnhancerBySpringCGLIB$$faa5b050] is not eligible for getting processed by all BeanPostProcessors (for example: not eligible for auto-proxying)
2020-07-31 21:15:09 [main] INFO  o.s.c.s.PostProcessorRegistrationDelegate$BeanPostProcessorChecker - Bean 'org.springframework.cloud.autoconfigure.ConfigurationPropertiesRebinderAutoConfiguration' of type [org.springframework.cloud.autoconfigure.ConfigurationPropertiesRebinderAutoConfiguration$$EnhancerBySpringCGLIB$$16bfb34d] is not eligible for getting processed by all BeanPostProcessors (for example: not eligible for auto-proxying)
2020-07-31 21:15:09 [main] INFO  o.s.boot.web.embedded.tomcat.TomcatWebServer - Tomcat initialized with port(s): 8081 (http)
2020-07-31 21:15:09 [main] INFO  org.apache.catalina.core.StandardService - Starting service [Tomcat]
2020-07-31 21:15:09 [main] INFO  org.apache.catalina.core.StandardEngine - Starting Servlet Engine: Apache Tomcat/8.5.29
2020-07-31 21:15:09 [localhost-startStop-1] INFO  org.apache.catalina.core.AprLifecycleListener - The APR based Apache Tomcat Native library which allows optimal performance in production environments was not found on the java.library.path: [D:\Program Files\Java\jdk1.8.0_221\bin;C:\Windows\Sun\Java\bin;C:\Windows\system32;C:\Windows;C:\oracle\ora90\bin;D:\Program Files\Java\jdk1.6.0_45\bin;C:\Program Files (x86)\Common Files\Oracle\Java\javapath;C:\Program Files (x86)\Intel\Intel(R) Management Engine Components\iCLS\;C:\Program Files\Intel\Intel(R) Management Engine Components\iCLS\;C:\Windows\system32;C:\Windows;C:\Windows\System32\Wbem;C:\Windows\System32\WindowsPowerShell\v1.0\;C:\Windows\System32\OpenSSH\;C:\Program Files (x86)\Intel\Intel(R) Management Engine Components\DAL;C:\Program Files\Intel\Intel(R) Management Engine Components\DAL;D:\Program Files\TortoiseSVN\bin;D:\Program Files\PLSQL Developer64\PLSQL Developer\instantclient_11_2;"D:\Program Files\tomcat\apache-tomcat-6.0.9-src\bin;";D:\Program Files\redis_memcached\memcached;D:\Program Files\redis_memcached\redis;D:\Program Files\maven\apache-maven-3.6.2\bin;D:\app\youngZeu\product\11.2.0\dbhome_1\BIN;D:\ORACLE\instantclient_11_2;C:\Users\youngZeu\Desktop\common_exe\batScripts;D:\Program Files\Git\cmd;D:\Program Files\mysql\mysql-5.7.22-winx64\bin;C:\Users\youngZeu\AppData\Local\Microsoft\WindowsApps;;.]
2020-07-31 21:15:10 [localhost-startStop-1] INFO  o.a.c.c.ContainerBase.[Tomcat].[localhost].[/busi] - Initializing Spring embedded WebApplicationContext
2020-07-31 21:15:10 [localhost-startStop-1] INFO  org.springframework.web.context.ContextLoader - Root WebApplicationContext: initialization completed in 2181 ms
2020-07-31 21:15:10 [localhost-startStop-1] INFO  o.s.boot.web.servlet.ServletRegistrationBean - Servlet dispatcherServlet mapped to [/]
2020-07-31 21:15:10 [localhost-startStop-1] INFO  o.s.boot.web.servlet.ServletRegistrationBean - Servlet statViewServlet mapped to [/druid/*]
2020-07-31 21:15:10 [localhost-startStop-1] INFO  o.s.boot.web.servlet.FilterRegistrationBean - Mapping filter: 'characterEncodingFilter' to: [/*]
2020-07-31 21:15:10 [localhost-startStop-1] INFO  o.s.boot.web.servlet.FilterRegistrationBean - Mapping filter: 'hiddenHttpMethodFilter' to: [/*]
2020-07-31 21:15:10 [localhost-startStop-1] INFO  o.s.boot.web.servlet.FilterRegistrationBean - Mapping filter: 'httpPutFormContentFilter' to: [/*]
2020-07-31 21:15:10 [localhost-startStop-1] INFO  o.s.boot.web.servlet.FilterRegistrationBean - Mapping filter: 'requestContextFilter' to: [/*]
2020-07-31 21:15:10 [localhost-startStop-1] INFO  o.s.boot.web.servlet.FilterRegistrationBean - Mapping filter: 'webStatFilter' to urls: [/*]
2020-07-31 21:15:10 [main] INFO  c.a.d.s.b.a.DruidDataSourceAutoConfigure - Init DruidDataSource
2020-07-31 21:15:11 [main] INFO  com.alibaba.druid.pool.DruidDataSource - {dataSource-1} inited
2020-07-31 21:15:13 [main] INFO  o.s.w.s.m.m.a.RequestMappingHandlerMapping - Mapped "{[/demand/],methods=[PUT]}" onto public com.west.business.pojo.pub.ResResult<java.lang.Integer> com.west.business.controller.DemandController.updateInfo(com.west.business.pojo.vo.demand.UpdateDemandVO)
2020-07-31 21:15:13 [main] INFO  o.s.w.s.m.m.a.RequestMappingHandlerMapping - Mapped "{[/demand/file],methods=[GET]}" onto public void com.west.business.controller.DemandController.demand(com.west.business.pojo.vo.demand.SearchDemandVO,com.west.business.pojo.vo.page.PageVO<com.west.domain.entity.DemandInfo>,javax.servlet.http.HttpServletResponse) throws java.io.IOException
2020-07-31 21:15:13 [main] INFO  o.s.w.s.m.m.a.RequestMappingHandlerMapping - Mapped "{[/demand/fileToday],methods=[GET]}" onto public void com.west.business.controller.DemandController.demand(com.west.business.pojo.vo.demand.DemandInfoVO,javax.servlet.http.HttpServletResponse)
2020-07-31 21:15:13 [main] INFO  o.s.w.s.m.m.a.RequestMappingHandlerMapping - Mapped "{[/demand/all],methods=[GET]}" onto public com.west.business.pojo.pub.ResResult<com.baomidou.mybatisplus.core.metadata.IPage<com.west.business.pojo.vo.demand.DemandInfoVO>> com.west.business.controller.DemandController.qryDemand(com.west.business.pojo.vo.demand.SearchDemandVO,com.west.business.pojo.vo.page.PageVO<com.west.domain.entity.DemandInfo>)
2020-07-31 21:15:13 [main] INFO  o.s.w.s.m.m.a.RequestMappingHandlerMapping - Mapped "{[/demand/{name}],methods=[GET]}" onto public com.west.business.pojo.pub.ResResult<java.util.List<com.west.business.pojo.vo.demand.DemandInfoVO>> com.west.business.controller.DemandController.validInput(java.lang.String)
2020-07-31 21:15:13 [main] INFO  o.s.w.s.m.m.a.RequestMappingHandlerMapping - Mapped "{[/demand/infos],methods=[POST]}" onto public com.west.business.pojo.pub.ResResult<java.lang.Integer> com.west.business.controller.DemandController.putInfo(com.west.business.pojo.vo.demand.DemandInfoVO)
2020-07-31 21:15:13 [main] INFO  o.s.w.s.m.m.a.RequestMappingHandlerMapping - Mapped "{[/demo/{str}],methods=[GET]}" onto public java.lang.String com.west.business.controller.DemoController.test(java.lang.String,javax.servlet.http.HttpServletRequest)
2020-07-31 21:15:13 [main] INFO  o.s.w.s.m.m.a.RequestMappingHandlerMapping - Mapped "{[/demo/info],methods=[POST]}" onto public java.lang.String com.west.business.controller.DemoController.addUser(java.util.List<com.west.domain.entity.User>)
2020-07-31 21:15:13 [main] INFO  o.s.w.s.m.m.a.RequestMappingHandlerMapping - Mapped "{[/html/weekly],methods=[GET]}" onto public java.lang.String com.west.business.controller.HTMLController.redirectHTML(java.util.HashMap<java.lang.String, java.lang.Object>)
2020-07-31 21:15:13 [main] INFO  o.s.w.s.m.m.a.RequestMappingHandlerMapping - Mapped "{[/user/],methods=[GET]}" onto public void com.west.business.controller.UserController.testLogin(javax.servlet.http.HttpServletRequest,javax.servlet.http.HttpServletResponse)
2020-07-31 21:15:13 [main] INFO  o.s.w.s.m.m.a.RequestMappingHandlerMapping - Mapped "{[/user/{str}],methods=[POST]}" onto public void com.west.business.controller.UserController.login(java.lang.String,javax.servlet.http.HttpServletRequest,javax.servlet.http.HttpServletResponse)
2020-07-31 21:15:13 [main] INFO  o.s.w.s.m.m.a.RequestMappingHandlerMapping - Mapped "{[/v2/api-docs],methods=[GET],produces=[application/json || application/hal+json]}" onto public org.springframework.http.ResponseEntity<springfox.documentation.spring.web.json.Json> springfox.documentation.swagger2.web.Swagger2Controller.getDocumentation(java.lang.String,javax.servlet.http.HttpServletRequest)
2020-07-31 21:15:13 [main] INFO  o.s.w.s.m.m.a.RequestMappingHandlerMapping - Mapped "{[/swagger-resources/configuration/ui]}" onto org.springframework.http.ResponseEntity<springfox.documentation.swagger.web.UiConfiguration> springfox.documentation.swagger.web.ApiResourceController.uiConfiguration()
2020-07-31 21:15:13 [main] INFO  o.s.w.s.m.m.a.RequestMappingHandlerMapping - Mapped "{[/swagger-resources]}" onto org.springframework.http.ResponseEntity<java.util.List<springfox.documentation.swagger.web.SwaggerResource>> springfox.documentation.swagger.web.ApiResourceController.swaggerResources()
2020-07-31 21:15:13 [main] INFO  o.s.w.s.m.m.a.RequestMappingHandlerMapping - Mapped "{[/swagger-resources/configuration/security]}" onto org.springframework.http.ResponseEntity<springfox.documentation.swagger.web.SecurityConfiguration> springfox.documentation.swagger.web.ApiResourceController.securityConfiguration()
2020-07-31 21:15:13 [main] INFO  o.s.w.s.m.m.a.RequestMappingHandlerMapping - Mapped "{[/error]}" onto public org.springframework.http.ResponseEntity<java.util.Map<java.lang.String, java.lang.Object>> org.springframework.boot.autoconfigure.web.servlet.error.BasicErrorController.error(javax.servlet.http.HttpServletRequest)
2020-07-31 21:15:13 [main] INFO  o.s.w.s.m.m.a.RequestMappingHandlerMapping - Mapped "{[/error],produces=[text/html]}" onto public org.springframework.web.servlet.ModelAndView org.springframework.boot.autoconfigure.web.servlet.error.BasicErrorController.errorHtml(javax.servlet.http.HttpServletRequest,javax.servlet.http.HttpServletResponse)
2020-07-31 21:15:15 [main] WARN  com.netflix.config.sources.URLConfigurationSource - No URLs will be polled as dynamic configuration sources.
2020-07-31 21:15:15 [main] INFO  com.netflix.config.sources.URLConfigurationSource - To enable URLs as dynamic configuration sources, define System property archaius.configurationSource.additionalUrls or make config.properties available on classpath.
2020-07-31 21:15:15 [main] WARN  com.netflix.config.sources.URLConfigurationSource - No URLs will be polled as dynamic configuration sources.
2020-07-31 21:15:15 [main] INFO  com.netflix.config.sources.URLConfigurationSource - To enable URLs as dynamic configuration sources, define System property archaius.configurationSource.additionalUrls or make config.properties available on classpath.
2020-07-31 21:15:15 [main] INFO  o.s.web.servlet.handler.SimpleUrlHandlerMapping - Mapped URL path [/**/favicon.ico] onto handler of type [class org.springframework.web.servlet.resource.ResourceHttpRequestHandler]
2020-07-31 21:15:16 [main] INFO  o.s.w.s.m.m.a.RequestMappingHandlerAdapter - Looking for @ControllerAdvice: org.springframework.boot.web.servlet.context.AnnotationConfigServletWebServerApplicationContext@2c30b71f: startup date [Fri Jul 31 21:15:07 CST 2020]; parent: org.springframework.context.annotation.AnnotationConfigApplicationContext@45a37759
2020-07-31 21:15:16 [main] INFO  o.s.web.servlet.handler.SimpleUrlHandlerMapping - Mapped URL path [/webjars/**] onto handler of type [class org.springframework.web.servlet.resource.ResourceHttpRequestHandler]
2020-07-31 21:15:16 [main] INFO  o.s.web.servlet.handler.SimpleUrlHandlerMapping - Mapped URL path [/**] onto handler of type [class org.springframework.web.servlet.resource.ResourceHttpRequestHandler]
2020-07-31 21:15:16 [main] INFO  o.s.web.servlet.handler.SimpleUrlHandlerMapping - Mapped URL path [/swagger-ui.html] onto handler of type [class org.springframework.web.servlet.resource.ResourceHttpRequestHandler]
2020-07-31 21:15:16 [main] INFO  o.s.b.a.web.servlet.WelcomePageHandlerMapping - Adding welcome page template: index
2020-07-31 21:15:17 [main] INFO  o.s.jmx.export.annotation.AnnotationMBeanExporter - Registering beans for JMX exposure on startup
2020-07-31 21:15:17 [main] INFO  o.s.jmx.export.annotation.AnnotationMBeanExporter - Bean with name 'statFilter' has been autodetected for JMX exposure
2020-07-31 21:15:17 [main] INFO  o.s.jmx.export.annotation.AnnotationMBeanExporter - Bean with name 'dataSource' has been autodetected for JMX exposure
2020-07-31 21:15:17 [main] INFO  o.s.jmx.export.annotation.AnnotationMBeanExporter - Bean with name 'refreshScope' has been autodetected for JMX exposure
2020-07-31 21:15:17 [main] INFO  o.s.jmx.export.annotation.AnnotationMBeanExporter - Bean with name 'configurationPropertiesRebinder' has been autodetected for JMX exposure
2020-07-31 21:15:17 [main] INFO  o.s.jmx.export.annotation.AnnotationMBeanExporter - Bean with name 'environmentManager' has been autodetected for JMX exposure
2020-07-31 21:15:17 [main] INFO  o.s.jmx.export.annotation.AnnotationMBeanExporter - Located managed bean 'environmentManager': registering with JMX server as MBean [org.springframework.cloud.context.environment:name=environmentManager,type=EnvironmentManager]
2020-07-31 21:15:17 [main] INFO  o.s.jmx.export.annotation.AnnotationMBeanExporter - Located managed bean 'refreshScope': registering with JMX server as MBean [org.springframework.cloud.context.scope.refresh:name=refreshScope,type=RefreshScope]
2020-07-31 21:15:17 [main] INFO  o.s.jmx.export.annotation.AnnotationMBeanExporter - Located managed bean 'configurationPropertiesRebinder': registering with JMX server as MBean [org.springframework.cloud.context.properties:name=configurationPropertiesRebinder,context=2c30b71f,type=ConfigurationPropertiesRebinder]
2020-07-31 21:15:17 [main] INFO  o.s.jmx.export.annotation.AnnotationMBeanExporter - Located MBean 'dataSource': registering with JMX server as MBean [com.alibaba.druid.spring.boot.autoconfigure:name=dataSource,type=DruidDataSourceWrapper]
2020-07-31 21:15:17 [main] INFO  o.s.jmx.export.annotation.AnnotationMBeanExporter - Located MBean 'statFilter': registering with JMX server as MBean [com.alibaba.druid.filter.stat:name=statFilter,type=StatFilter]
2020-07-31 21:15:17 [main] INFO  o.s.context.support.DefaultLifecycleProcessor - Starting beans in phase 2147483647
2020-07-31 21:15:17 [main] INFO  s.d.s.web.plugins.DocumentationPluginsBootstrapper - Context refreshed
2020-07-31 21:15:17 [main] INFO  s.d.s.web.plugins.DocumentationPluginsBootstrapper - Found 1 custom documentation plugin(s)
2020-07-31 21:15:17 [main] INFO  s.d.spring.web.scanners.ApiListingReferenceScanner - Scanning for api listing references
2020-07-31 21:15:17 [main] INFO  s.d.s.w.r.operation.CachingOperationNameGenerator - Generating unique operation named: demandUsingGET_1
2020-07-31 21:15:17 [main] WARN  s.d.s.r.operation.OperationImplicitParameterReader - Coercing to be of type string. This may not even be a scalar type in actuality
2020-07-31 21:15:17 [main] WARN  s.d.s.r.operation.OperationImplicitParameterReader - Coercing to be of type string. This may not even be a scalar type in actuality
2020-07-31 21:15:17 [main] WARN  s.d.s.r.operation.OperationImplicitParameterReader - Coercing to be of type string. This may not even be a scalar type in actuality
2020-07-31 21:15:17 [main] WARN  s.d.s.r.operation.OperationImplicitParameterReader - Coercing to be of type string. This may not even be a scalar type in actuality
2020-07-31 21:15:17 [main] WARN  s.d.s.r.operation.OperationImplicitParameterReader - Coercing to be of type string. This may not even be a scalar type in actuality
2020-07-31 21:15:17 [main] INFO  o.s.boot.web.embedded.tomcat.TomcatWebServer - Tomcat started on port(s): 8081 (http) with context path '/busi'
2020-07-31 21:15:17 [main] INFO  com.west.business.BusinessApp - Started BusinessApp in 14.259 seconds (JVM running for 17.244)
2020-07-31 21:15:29 [Thread-26] INFO  o.s.b.w.s.c.AnnotationConfigServletWebServerApplicationContext - Closing org.springframework.boot.web.servlet.context.AnnotationConfigServletWebServerApplicationContext@2c30b71f: startup date [Fri Jul 31 21:15:07 CST 2020]; parent: org.springframework.context.annotation.AnnotationConfigApplicationContext@45a37759
2020-07-31 21:15:29 [Thread-26] INFO  o.s.context.support.DefaultLifecycleProcessor - Stopping beans in phase 2147483647
2020-07-31 21:15:29 [Thread-26] INFO  o.s.jmx.export.annotation.AnnotationMBeanExporter - Unregistering JMX-exposed beans on shutdown
2020-07-31 21:15:29 [Thread-26] INFO  o.s.jmx.export.annotation.AnnotationMBeanExporter - Unregistering JMX-exposed beans
2020-07-31 21:15:29 [Thread-26] INFO  com.alibaba.druid.pool.DruidDataSource - {dataSource-1} closed
2020-07-31 21:29:11 [main] INFO  com.west.business.BusinessApp - The following profiles are active: prd
2020-07-31 21:29:11 [main] INFO  o.s.b.w.s.c.AnnotationConfigServletWebServerApplicationContext - Refreshing org.springframework.boot.web.servlet.context.AnnotationConfigServletWebServerApplicationContext@5b69d40d: startup date [Fri Jul 31 21:29:11 CST 2020]; parent: org.springframework.context.annotation.AnnotationConfigApplicationContext@3d246ea3
2020-07-31 21:29:12 [main] INFO  o.springframework.cloud.context.scope.GenericScope - BeanFactory id=98d6d61c-5763-33cb-bfde-0ca5285fd138
2020-07-31 21:29:12 [main] INFO  o.s.c.s.PostProcessorRegistrationDelegate$BeanPostProcessorChecker - Bean 'org.springframework.transaction.annotation.ProxyTransactionManagementConfiguration' of type [org.springframework.transaction.annotation.ProxyTransactionManagementConfiguration$$EnhancerBySpringCGLIB$$8c96ce06] is not eligible for getting processed by all BeanPostProcessors (for example: not eligible for auto-proxying)
2020-07-31 21:29:12 [main] INFO  o.s.c.s.PostProcessorRegistrationDelegate$BeanPostProcessorChecker - Bean 'org.springframework.cloud.autoconfigure.ConfigurationPropertiesRebinderAutoConfiguration' of type [org.springframework.cloud.autoconfigure.ConfigurationPropertiesRebinderAutoConfiguration$$EnhancerBySpringCGLIB$$a8b0d103] is not eligible for getting processed by all BeanPostProcessors (for example: not eligible for auto-proxying)
2020-07-31 21:29:12 [main] INFO  o.s.boot.web.embedded.tomcat.TomcatWebServer - Tomcat initialized with port(s): 8081 (http)
2020-07-31 21:29:12 [main] INFO  org.apache.catalina.core.StandardService - Starting service [Tomcat]
2020-07-31 21:29:12 [main] INFO  org.apache.catalina.core.StandardEngine - Starting Servlet Engine: Apache Tomcat/8.5.29
2020-07-31 21:29:12 [localhost-startStop-1] INFO  org.apache.catalina.core.AprLifecycleListener - The APR based Apache Tomcat Native library which allows optimal performance in production environments was not found on the java.library.path: [D:\Program Files\Java\jdk1.8.0_221\bin;C:\Windows\Sun\Java\bin;C:\Windows\system32;C:\Windows;C:\oracle\ora90\bin;D:\Program Files\Java\jdk1.6.0_45\bin;C:\Program Files (x86)\Common Files\Oracle\Java\javapath;C:\Program Files (x86)\Intel\Intel(R) Management Engine Components\iCLS\;C:\Program Files\Intel\Intel(R) Management Engine Components\iCLS\;C:\Windows\system32;C:\Windows;C:\Windows\System32\Wbem;C:\Windows\System32\WindowsPowerShell\v1.0\;C:\Windows\System32\OpenSSH\;C:\Program Files (x86)\Intel\Intel(R) Management Engine Components\DAL;C:\Program Files\Intel\Intel(R) Management Engine Components\DAL;D:\Program Files\TortoiseSVN\bin;D:\Program Files\PLSQL Developer64\PLSQL Developer\instantclient_11_2;"D:\Program Files\tomcat\apache-tomcat-6.0.9-src\bin;";D:\Program Files\redis_memcached\memcached;D:\Program Files\redis_memcached\redis;D:\Program Files\maven\apache-maven-3.6.2\bin;D:\app\youngZeu\product\11.2.0\dbhome_1\BIN;D:\ORACLE\instantclient_11_2;C:\Users\youngZeu\Desktop\common_exe\batScripts;D:\Program Files\Git\cmd;D:\Program Files\mysql\mysql-5.7.22-winx64\bin;C:\Users\youngZeu\AppData\Local\Microsoft\WindowsApps;;.]
2020-07-31 21:29:12 [localhost-startStop-1] INFO  o.a.c.c.ContainerBase.[Tomcat].[localhost].[/busi] - Initializing Spring embedded WebApplicationContext
2020-07-31 21:29:12 [localhost-startStop-1] INFO  org.springframework.web.context.ContextLoader - Root WebApplicationContext: initialization completed in 1771 ms
2020-07-31 21:29:13 [localhost-startStop-1] INFO  o.s.boot.web.servlet.ServletRegistrationBean - Servlet dispatcherServlet mapped to [/]
2020-07-31 21:29:13 [localhost-startStop-1] INFO  o.s.boot.web.servlet.ServletRegistrationBean - Servlet statViewServlet mapped to [/druid/*]
2020-07-31 21:29:13 [localhost-startStop-1] INFO  o.s.boot.web.servlet.FilterRegistrationBean - Mapping filter: 'characterEncodingFilter' to: [/*]
2020-07-31 21:29:13 [localhost-startStop-1] INFO  o.s.boot.web.servlet.FilterRegistrationBean - Mapping filter: 'hiddenHttpMethodFilter' to: [/*]
2020-07-31 21:29:13 [localhost-startStop-1] INFO  o.s.boot.web.servlet.FilterRegistrationBean - Mapping filter: 'httpPutFormContentFilter' to: [/*]
2020-07-31 21:29:13 [localhost-startStop-1] INFO  o.s.boot.web.servlet.FilterRegistrationBean - Mapping filter: 'requestContextFilter' to: [/*]
2020-07-31 21:29:13 [localhost-startStop-1] INFO  o.s.boot.web.servlet.FilterRegistrationBean - Mapping filter: 'webStatFilter' to urls: [/*]
2020-07-31 21:29:13 [main] INFO  c.a.d.s.b.a.DruidDataSourceAutoConfigure - Init DruidDataSource
2020-07-31 21:29:13 [main] INFO  com.alibaba.druid.pool.DruidDataSource - {dataSource-1} inited
2020-07-31 21:29:14 [main] INFO  o.s.w.s.m.m.a.RequestMappingHandlerMapping - Mapped "{[/demand/{name}],methods=[GET]}" onto public com.west.business.pojo.pub.ResResult<java.util.List<com.west.business.pojo.vo.demand.DemandInfoVO>> com.west.business.controller.DemandController.validInput(java.lang.String)
2020-07-31 21:29:14 [main] INFO  o.s.w.s.m.m.a.RequestMappingHandlerMapping - Mapped "{[/demand/],methods=[PUT]}" onto public com.west.business.pojo.pub.ResResult<java.lang.Integer> com.west.business.controller.DemandController.updateInfo(com.west.business.pojo.vo.demand.UpdateDemandVO)
2020-07-31 21:29:14 [main] INFO  o.s.w.s.m.m.a.RequestMappingHandlerMapping - Mapped "{[/demand/infos],methods=[POST]}" onto public com.west.business.pojo.pub.ResResult<java.lang.Integer> com.west.business.controller.DemandController.putInfo(com.west.business.pojo.vo.demand.DemandInfoVO)
2020-07-31 21:29:14 [main] INFO  o.s.w.s.m.m.a.RequestMappingHandlerMapping - Mapped "{[/demand/file],methods=[GET]}" onto public void com.west.business.controller.DemandController.demand(com.west.business.pojo.vo.demand.SearchDemandVO,com.west.business.pojo.vo.page.PageVO<com.west.domain.entity.DemandInfo>,javax.servlet.http.HttpServletResponse) throws java.io.IOException
2020-07-31 21:29:14 [main] INFO  o.s.w.s.m.m.a.RequestMappingHandlerMapping - Mapped "{[/demand/fileToday],methods=[GET]}" onto public void com.west.business.controller.DemandController.demand(com.west.business.pojo.vo.demand.DemandInfoVO,javax.servlet.http.HttpServletResponse)
2020-07-31 21:29:14 [main] INFO  o.s.w.s.m.m.a.RequestMappingHandlerMapping - Mapped "{[/demand/all],methods=[GET]}" onto public com.west.business.pojo.pub.ResResult<com.baomidou.mybatisplus.core.metadata.IPage<com.west.business.pojo.vo.demand.DemandInfoVO>> com.west.business.controller.DemandController.qryDemand(com.west.business.pojo.vo.demand.SearchDemandVO,com.west.business.pojo.vo.page.PageVO<com.west.domain.entity.DemandInfo>)
2020-07-31 21:29:14 [main] INFO  o.s.w.s.m.m.a.RequestMappingHandlerMapping - Mapped "{[/demo/{str}],methods=[GET]}" onto public java.lang.String com.west.business.controller.DemoController.test(java.lang.String,javax.servlet.http.HttpServletRequest)
2020-07-31 21:29:14 [main] INFO  o.s.w.s.m.m.a.RequestMappingHandlerMapping - Mapped "{[/demo/info],methods=[POST]}" onto public java.lang.String com.west.business.controller.DemoController.addUser(java.util.List<com.west.domain.entity.User>)
2020-07-31 21:29:14 [main] INFO  o.s.w.s.m.m.a.RequestMappingHandlerMapping - Mapped "{[/html/weekly],methods=[GET]}" onto public java.lang.String com.west.business.controller.HTMLController.redirectHTML(java.util.HashMap<java.lang.String, java.lang.Object>)
2020-07-31 21:29:14 [main] INFO  o.s.w.s.m.m.a.RequestMappingHandlerMapping - Mapped "{[/user/{str}],methods=[POST]}" onto public void com.west.business.controller.UserController.login(java.lang.String,javax.servlet.http.HttpServletRequest,javax.servlet.http.HttpServletResponse)
2020-07-31 21:29:14 [main] INFO  o.s.w.s.m.m.a.RequestMappingHandlerMapping - Mapped "{[/user/],methods=[GET]}" onto public void com.west.business.controller.UserController.testLogin(javax.servlet.http.HttpServletRequest,javax.servlet.http.HttpServletResponse)
2020-07-31 21:29:14 [main] INFO  o.s.w.s.m.m.a.RequestMappingHandlerMapping - Mapped "{[/v2/api-docs],methods=[GET],produces=[application/json || application/hal+json]}" onto public org.springframework.http.ResponseEntity<springfox.documentation.spring.web.json.Json> springfox.documentation.swagger2.web.Swagger2Controller.getDocumentation(java.lang.String,javax.servlet.http.HttpServletRequest)
2020-07-31 21:29:14 [main] INFO  o.s.w.s.m.m.a.RequestMappingHandlerMapping - Mapped "{[/swagger-resources/configuration/security]}" onto org.springframework.http.ResponseEntity<springfox.documentation.swagger.web.SecurityConfiguration> springfox.documentation.swagger.web.ApiResourceController.securityConfiguration()
2020-07-31 21:29:14 [main] INFO  o.s.w.s.m.m.a.RequestMappingHandlerMapping - Mapped "{[/swagger-resources/configuration/ui]}" onto org.springframework.http.ResponseEntity<springfox.documentation.swagger.web.UiConfiguration> springfox.documentation.swagger.web.ApiResourceController.uiConfiguration()
2020-07-31 21:29:14 [main] INFO  o.s.w.s.m.m.a.RequestMappingHandlerMapping - Mapped "{[/swagger-resources]}" onto org.springframework.http.ResponseEntity<java.util.List<springfox.documentation.swagger.web.SwaggerResource>> springfox.documentation.swagger.web.ApiResourceController.swaggerResources()
2020-07-31 21:29:14 [main] INFO  o.s.w.s.m.m.a.RequestMappingHandlerMapping - Mapped "{[/error]}" onto public org.springframework.http.ResponseEntity<java.util.Map<java.lang.String, java.lang.Object>> org.springframework.boot.autoconfigure.web.servlet.error.BasicErrorController.error(javax.servlet.http.HttpServletRequest)
2020-07-31 21:29:14 [main] INFO  o.s.w.s.m.m.a.RequestMappingHandlerMapping - Mapped "{[/error],produces=[text/html]}" onto public org.springframework.web.servlet.ModelAndView org.springframework.boot.autoconfigure.web.servlet.error.BasicErrorController.errorHtml(javax.servlet.http.HttpServletRequest,javax.servlet.http.HttpServletResponse)
2020-07-31 21:29:14 [main] WARN  com.netflix.config.sources.URLConfigurationSource - No URLs will be polled as dynamic configuration sources.
2020-07-31 21:29:14 [main] INFO  com.netflix.config.sources.URLConfigurationSource - To enable URLs as dynamic configuration sources, define System property archaius.configurationSource.additionalUrls or make config.properties available on classpath.
2020-07-31 21:29:14 [main] WARN  com.netflix.config.sources.URLConfigurationSource - No URLs will be polled as dynamic configuration sources.
2020-07-31 21:29:14 [main] INFO  com.netflix.config.sources.URLConfigurationSource - To enable URLs as dynamic configuration sources, define System property archaius.configurationSource.additionalUrls or make config.properties available on classpath.
2020-07-31 21:29:15 [main] INFO  o.s.web.servlet.handler.SimpleUrlHandlerMapping - Mapped URL path [/**/favicon.ico] onto handler of type [class org.springframework.web.servlet.resource.ResourceHttpRequestHandler]
2020-07-31 21:29:15 [main] INFO  o.s.w.s.m.m.a.RequestMappingHandlerAdapter - Looking for @ControllerAdvice: org.springframework.boot.web.servlet.context.AnnotationConfigServletWebServerApplicationContext@5b69d40d: startup date [Fri Jul 31 21:29:11 CST 2020]; parent: org.springframework.context.annotation.AnnotationConfigApplicationContext@3d246ea3
2020-07-31 21:29:15 [main] INFO  o.s.web.servlet.handler.SimpleUrlHandlerMapping - Mapped URL path [/webjars/**] onto handler of type [class org.springframework.web.servlet.resource.ResourceHttpRequestHandler]
2020-07-31 21:29:15 [main] INFO  o.s.web.servlet.handler.SimpleUrlHandlerMapping - Mapped URL path [/**] onto handler of type [class org.springframework.web.servlet.resource.ResourceHttpRequestHandler]
2020-07-31 21:29:15 [main] INFO  o.s.web.servlet.handler.SimpleUrlHandlerMapping - Mapped URL path [/swagger-ui.html] onto handler of type [class org.springframework.web.servlet.resource.ResourceHttpRequestHandler]
2020-07-31 21:29:16 [main] INFO  o.s.b.a.web.servlet.WelcomePageHandlerMapping - Adding welcome page template: index
